#
# There is insufficient memory for the Java Runtime Environment to continue.
# Native memory allocation (mmap) failed to map 132120576 bytes for G1 virtual space
# Possible reasons:
#   The system is out of physical RAM or swap space
#   The process is running with CompressedOops enabled, and the Java Heap may be blocking the growth of the native heap
# Possible solutions:
#   Reduce memory load on the system
#   Increase physical memory or swap space
#   Check if swap backing store is full
#   Decrease Java heap size (-Xmx/-Xms)
#   Decrease number of Java threads
#   Decrease Java thread stack sizes (-Xss)
#   Set larger code cache with -XX:ReservedCodeCacheSize=
#   JVM is running with Unscaled Compressed Oops mode in which the Java heap is
#     placed in the first 4GB address space. The Java Heap base address is the
#     maximum limit for the native heap growth. Please use -XX:HeapBaseMinAddress
#     to set the Java Heap base and to place the Java Heap above 4GB virtual address.
# This output file may be truncated or incomplete.
#
#  Out of Memory Error (os_windows.cpp:3541), pid=4808, tid=8052
#
# JRE version:  (17.0.4.1+1) (build )
# Java VM: OpenJDK 64-Bit Server VM (17.0.4.1+1, mixed mode, sharing, tiered, compressed oops, compressed class ptrs, g1 gc, windows-amd64)
# No core dump will be written. Minidumps are not enabled by default on client versions of Windows
#

---------------  S U M M A R Y ------------

Command Line: -Dfile.encoding=UTF-8 --module-path=D:\L2\pro\the_project\build\classes customers.MeterReadingInsertion

Host: Intel(R) Core(TM) i5-10500H CPU @ 2.50GHz, 12 cores, 7G,  Windows 10 , 64 bit Build 19041 (10.0.19041.2364)
Time: Sat Dec 17 18:49:46 2022 Egypt Standard Time elapsed time: 0.007138 seconds (0d 0h 0m 0s)

---------------  T H R E A D  ---------------

Current thread (0x000001732e4bdad0):  JavaThread "Unknown thread" [_thread_in_vm, id=8052, stack(0x0000001d57000000,0x0000001d57100000)]

Stack: [0x0000001d57000000,0x0000001d57100000]
Native frames: (J=compiled Java code, j=interpreted, Vv=VM code, C=native code)
V  [jvm.dll+0x67731a]
V  [jvm.dll+0x832284]
V  [jvm.dll+0x833a2e]
V  [jvm.dll+0x834093]
V  [jvm.dll+0x245775]
V  [jvm.dll+0x674209]
V  [jvm.dll+0x668a92]
V  [jvm.dll+0x30471b]
V  [jvm.dll+0x30bc66]
V  [jvm.dll+0x35ba9e]
V  [jvm.dll+0x35bccf]
V  [jvm.dll+0x2db5b8]
V  [jvm.dll+0x2dc524]
V  [jvm.dll+0x803db1]
V  [jvm.dll+0x3698f1]
V  [jvm.dll+0x7e31bc]
V  [jvm.dll+0x3ec25f]
V  [jvm.dll+0x3edde1]
C  [jli.dll+0x5277]
C  [ucrtbase.dll+0x21bb2]
C  [KERNEL32.DLL+0x17614]
C  [ntdll.dll+0x526a1]


---------------  P R O C E S S  ---------------

Threads class SMR info:
_java_thread_list=0x00007ff871cf4e98, length=0, elements={
}

Java Threads: ( => current thread )

Other Threads:
  0x000001732e517990 GCTaskThread "GC Thread#0" [stack: 0x0000001d57100000,0x0000001d57200000] [id=3560]
  0x000001732e5281d0 ConcurrentGCThread "G1 Main Marker" [stack: 0x0000001d57200000,0x0000001d57300000] [id=9744]
  0x000001732e52b7a0 ConcurrentGCThread "G1 Conc#0" [stack: 0x0000001d57300000,0x0000001d57400000] [id=14108]

[error occurred during error reporting (printing all threads), id 0xc0000005, EXCEPTION_ACCESS_VIOLATION (0xc0000005) at pc=0x00007ff8714cc047]

VM state: not at safepoint (not fully initialized)

VM Mutex/Monitor currently owned by a thread:  ([mutex/lock_event])
[0x000001732e4b8000] Heap_lock - owner thread: 0x000001732e4bdad0

Heap address: 0x0000000083800000, size: 1992 MB, Compressed Oops mode: 32-bit

CDS archive(s) mapped at: [0x0000000000000000-0x0000000000000000-0x0000000000000000), size 0, SharedBaseAddress: 0x0000000800000000, ArchiveRelocationMode: 0.
Narrow klass base: 0x0000000000000000, Narrow klass shift: 0, Narrow klass range: 0x0

GC Precious Log:
<Empty>

Heap:
 garbage-first heap   total 0K, used 0K [0x0000000083800000, 0x0000000100000000)
  region size 1024K, 0 young (0K), 0 survivors (0K)

[error occurred during error reporting (printing heap information), id 0xc0000005, EXCEPTION_ACCESS_VIOLATION (0xc0000005) at pc=0x00007ff8718b0699]

GC Heap History (0 events):
No events

Deoptimization events (0 events):
No events

Classes unloaded (0 events):
No events

Classes redefined (0 events):
No events

Internal exceptions (0 events):
No events

VM Operations (0 events):
No events

Events (1 events):
Event: 0.004 Loaded shared library C:\Users\Ahmed\AppData\Local\Programs\Eclipse Adoptium\jdk-17.0.4.101-hotspot\bin\java.dll


Dynamic libraries:
0x00007ff605800000 - 0x00007ff60580e000 	C:\Users\Ahmed\AppData\Local\Programs\Eclipse Adoptium\jdk-17.0.4.101-hotspot\bin\java.exe
0x00007ff8cb030000 - 0x00007ff8cb228000 	C:\WINDOWS\SYSTEM32\ntdll.dll
0x00007ff8cad10000 - 0x00007ff8cadcf000 	C:\WINDOWS\System32\KERNEL32.DLL
0x00007ff8c88e0000 - 0x00007ff8c8bb2000 	C:\WINDOWS\System32\KERNELBASE.dll
0x00007ff8c8770000 - 0x00007ff8c8870000 	C:\WINDOWS\System32\ucrtbase.dll
0x00007ff8bd370000 - 0x00007ff8bd388000 	C:\Users\Ahmed\AppData\Local\Programs\Eclipse Adoptium\jdk-17.0.4.101-hotspot\bin\jli.dll
0x00007ff8bce40000 - 0x00007ff8bce59000 	C:\Users\Ahmed\AppData\Local\Programs\Eclipse Adoptium\jdk-17.0.4.101-hotspot\bin\VCRUNTIME140.dll
0x00007ff8c9950000 - 0x00007ff8c9af1000 	C:\WINDOWS\System32\USER32.dll
0x00007ff8b08b0000 - 0x00007ff8b0b4a000 	C:\WINDOWS\WinSxS\amd64_microsoft.windows.common-controls_6595b64144ccf1df_6.0.19041.1110_none_60b5254171f9507e\COMCTL32.dll
0x00007ff8c8cd0000 - 0x00007ff8c8cf2000 	C:\WINDOWS\System32\win32u.dll
0x00007ff8c9e10000 - 0x00007ff8c9eae000 	C:\WINDOWS\System32\msvcrt.dll
0x00007ff8cae10000 - 0x00007ff8cae3b000 	C:\WINDOWS\System32\GDI32.dll
0x00007ff8c8bc0000 - 0x00007ff8c8ccf000 	C:\WINDOWS\System32\gdi32full.dll
0x00007ff8c8d30000 - 0x00007ff8c8dcd000 	C:\WINDOWS\System32\msvcp_win.dll
0x00007ff8cadd0000 - 0x00007ff8cae02000 	C:\WINDOWS\System32\IMM32.DLL
0x00007ff8bd780000 - 0x00007ff8bd78c000 	C:\Users\Ahmed\AppData\Local\Programs\Eclipse Adoptium\jdk-17.0.4.101-hotspot\bin\vcruntime140_1.dll
0x00007ff8ae5e0000 - 0x00007ff8ae671000 	C:\Users\Ahmed\AppData\Local\Programs\Eclipse Adoptium\jdk-17.0.4.101-hotspot\bin\msvcp140.dll
0x00007ff8711e0000 - 0x00007ff871e26000 	C:\Users\Ahmed\AppData\Local\Programs\Eclipse Adoptium\jdk-17.0.4.101-hotspot\bin\server\jvm.dll
0x00007ff8cac60000 - 0x00007ff8cad0e000 	C:\WINDOWS\System32\ADVAPI32.dll
0x00007ff8ca140000 - 0x00007ff8ca1dc000 	C:\WINDOWS\System32\sechost.dll
0x00007ff8c9f40000 - 0x00007ff8ca065000 	C:\WINDOWS\System32\RPCRT4.dll
0x00007ff8c9b00000 - 0x00007ff8c9b08000 	C:\WINDOWS\System32\PSAPI.DLL
0x00007ff8bd790000 - 0x00007ff8bd799000 	C:\WINDOWS\SYSTEM32\WSOCK32.dll
0x00007ff8ab2d0000 - 0x00007ff8ab2f7000 	C:\WINDOWS\SYSTEM32\WINMM.dll
0x00007ff8bcb20000 - 0x00007ff8bcb2a000 	C:\WINDOWS\SYSTEM32\VERSION.dll
0x00007ff8ca1e0000 - 0x00007ff8ca24b000 	C:\WINDOWS\System32\WS2_32.dll
0x00007ff8c6f70000 - 0x00007ff8c6f82000 	C:\WINDOWS\SYSTEM32\kernel.appcore.dll
0x00007ff8bd730000 - 0x00007ff8bd73a000 	C:\Users\Ahmed\AppData\Local\Programs\Eclipse Adoptium\jdk-17.0.4.101-hotspot\bin\jimage.dll
0x00007ff8c6320000 - 0x00007ff8c6504000 	C:\WINDOWS\SYSTEM32\DBGHELP.DLL
0x00007ff8b87c0000 - 0x00007ff8b87f5000 	C:\WINDOWS\SYSTEM32\dbgcore.DLL
0x00007ff8c8dd0000 - 0x00007ff8c8e52000 	C:\WINDOWS\System32\bcryptPrimitives.dll
0x00007ff8bcdd0000 - 0x00007ff8bcdf5000 	C:\Users\Ahmed\AppData\Local\Programs\Eclipse Adoptium\jdk-17.0.4.101-hotspot\bin\java.dll

dbghelp: loaded successfully - version: 4.0.5 - missing functions: none
symbol engine: initialized successfully - sym options: 0x614 - pdb path: .;C:\Users\Ahmed\AppData\Local\Programs\Eclipse Adoptium\jdk-17.0.4.101-hotspot\bin;C:\WINDOWS\SYSTEM32;C:\WINDOWS\WinSxS\amd64_microsoft.windows.common-controls_6595b64144ccf1df_6.0.19041.1110_none_60b5254171f9507e;C:\Users\Ahmed\AppData\Local\Programs\Eclipse Adoptium\jdk-17.0.4.101-hotspot\bin\server

VM Arguments:
jvm_args: -Dfile.encoding=UTF-8 --module-path=D:\L2\pro\the_project\build\classes 
java_command: customers.MeterReadingInsertion
java_class_path (initial): C:\Program Files\NetBeans-15\netbeans\java\modules\mysql-connector-java-8.0.30.jar;D:\L2\pro\the_project\build\classes
Launcher Type: SUN_STANDARD

[Global flags]
     intx CICompilerCount                          = 4                                         {product} {ergonomic}
     uint ConcGCThreads                            = 3                                         {product} {ergonomic}
     uint G1ConcRefinementThreads                  = 10                                        {product} {ergonomic}
   size_t G1HeapRegionSize                         = 1048576                                   {product} {ergonomic}
    uintx GCDrainStackTargetSize                   = 64                                        {product} {ergonomic}
   size_t InitialHeapSize                          = 132120576                                 {product} {ergonomic}
   size_t MarkStackSize                            = 4194304                                   {product} {ergonomic}
   size_t MaxHeapSize                              = 2088763392                                {product} {ergonomic}
   size_t MinHeapDeltaBytes                        = 1048576                                   {product} {ergonomic}
   size_t MinHeapSize                              = 8388608                                   {product} {ergonomic}
    uintx NonNMethodCodeHeapSize                   = 5839372                                {pd product} {ergonomic}
    uintx NonProfiledCodeHeapSize                  = 122909434                              {pd product} {ergonomic}
    uintx ProfiledCodeHeapSize                     = 122909434                              {pd product} {ergonomic}
    uintx ReservedCodeCacheSize                    = 251658240                              {pd product} {ergonomic}
     bool SegmentedCodeCache                       = true                                      {product} {ergonomic}
   size_t SoftMaxHeapSize                          = 2088763392                             {manageable} {ergonomic}
     bool UseCompressedClassPointers               = true                           {product lp64_product} {ergonomic}
     bool UseCompressedOops                        = true                           {product lp64_product} {ergonomic}
     bool UseG1GC                                  = true                                      {product} {ergonomic}
     bool UseLargePagesIndividualAllocation        = false                                  {pd product} {ergonomic}

Logging:
Log output configuration:
 #0: stdout all=warning uptime,level,tags
 #1: stderr all=off uptime,level,tags

Environment Variables:
JAVA_HOME=C:\Users\Ahmed\AppData\Local\Programs\Eclipse Adoptium\jdk-17.0.4.101-hotspot\
PATH=C:\WINDOWS\system32;C:\WINDOWS;C:\WINDOWS\System32\Wbem;C:\WINDOWS\System32\WindowsPowerShell\v1.0\;C:\WINDOWS\System32\OpenSSH\;C:\MinGW\bin;C:\Program Files\Microsoft SQL Server\Client SDK\ODBC\170\Tools\Binn\;C:\Program Files (x86)\Microsoft SQL Server\150\Tools\Binn\;C:\Program Files\Microsoft SQL Server\150\Tools\Binn\;C:\Program Files\Microsoft SQL Server\150\DTS\Binn\;C:\Program Files (x86)\Microsoft SQL Server\150\DTS\Binn\;C:\Program Files\Azure Data Studio\bin;C:\Users\Ahmed\Downloads\MAXINE-AR-SDK-0.8.1.0\samples\external\opencv\bin;C:\Users\Ahmed\AppData\Local\Programs\Eclipse Adoptium\jdk-17.0.4.101-hotspot\bin;C:\Users\Ahmed\AppData\Local\Programs\Python\Python310\Scripts\;C:\Users\Ahmed\AppData\Local\Programs\Python\Python310\;C:\Users\Ahmed\AppData\Local\Microsoft\WindowsApps;;C:\Users\Ahmed\AppData\Local\Programs\Microsoft VS Code\bin;C:\Program Files\Azure Data Studio\bin
USERNAME=Ahmed
OS=Windows_NT
PROCESSOR_IDENTIFIER=Intel64 Family 6 Model 165 Stepping 2, GenuineIntel
TMP=C:\Users\Ahmed\AppData\Local\Temp
TEMP=C:\Users\Ahmed\AppData\Local\Temp



---------------  S Y S T E M  ---------------

OS:
 Windows 10 , 64 bit Build 19041 (10.0.19041.2364)
OS uptime: 0 days 5:11 hours

CPU: total 12 (initial active 12) (6 cores per cpu, 2 threads per core) family 6 model 165 stepping 2 microcode 0xf0, cx8, cmov, fxsr, ht, mmx, 3dnowpref, sse, sse2, sse3, ssse3, sse4.1, sse4.2, popcnt, lzcnt, tsc, tscinvbit, avx, avx2, aes, erms, clmul, bmi1, bmi2, adx, fma, vzeroupper, clflush, clflushopt

Memory: 4k page, system-wide physical 7967M (484M free)
TotalPageFile size 28174M (AvailPageFile size 124M)
current process WorkingSet (physical memory assigned to process): 10M, peak: 10M
current process commit charge ("private bytes"): 64M, peak: 190M

vm_info: OpenJDK 64-Bit Server VM (17.0.4.1+1) for windows-amd64 JRE (17.0.4.1+1), built on Aug 17 2022 07:42:43 by "temurin" with MS VC++ 16.7 (VS2019)

END.
