#
# There is insufficient memory for the Java Runtime Environment to continue.
# Native memory allocation (mmap) failed to map 65536 bytes for Failed to commit metaspace.
# Possible reasons:
#   The system is out of physical RAM or swap space
#   The process is running with CompressedOops enabled, and the Java Heap may be blocking the growth of the native heap
# Possible solutions:
#   Reduce memory load on the system
#   Increase physical memory or swap space
#   Check if swap backing store is full
#   Decrease Java heap size (-Xmx/-Xms)
#   Decrease number of Java threads
#   Decrease Java thread stack sizes (-Xss)
#   Set larger code cache with -XX:ReservedCodeCacheSize=
#   JVM is running with Unscaled Compressed Oops mode in which the Java heap is
#     placed in the first 4GB address space. The Java Heap base address is the
#     maximum limit for the native heap growth. Please use -XX:HeapBaseMinAddress
#     to set the Java Heap base and to place the Java Heap above 4GB virtual address.
# This output file may be truncated or incomplete.
#
#  Out of Memory Error (virtualSpaceNode.cpp:110), pid=3536, tid=2756
#
# JRE version: OpenJDK Runtime Environment Temurin-17.0.4.1+1 (17.0.4.1+1) (build 17.0.4.1+1)
# Java VM: OpenJDK 64-Bit Server VM Temurin-17.0.4.1+1 (17.0.4.1+1, mixed mode, tiered, compressed oops, compressed class ptrs, g1 gc, windows-amd64)
# No core dump will be written. Minidumps are not enabled by default on client versions of Windows
#

---------------  S U M M A R Y ------------

Command Line: -Dfile.encoding=UTF-8 --module-path=D:\L2\pro\the_project\build\classes customers.test

Host: Intel(R) Core(TM) i5-10500H CPU @ 2.50GHz, 12 cores, 7G,  Windows 10 , 64 bit Build 19041 (10.0.19041.2364)
Time: Sat Dec 17 18:44:27 2022 Egypt Standard Time elapsed time: 0.112951 seconds (0d 0h 0m 0s)

---------------  T H R E A D  ---------------

Current thread (0x0000024137a0d040):  JavaThread "main" [_thread_in_vm, id=2756, stack(0x000000f99b400000,0x000000f99b500000)]

Stack: [0x000000f99b400000,0x000000f99b500000]
Native frames: (J=compiled Java code, j=interpreted, Vv=VM code, C=native code)
V  [jvm.dll+0x67731a]
V  [jvm.dll+0x832284]
V  [jvm.dll+0x833a2e]
V  [jvm.dll+0x834093]
V  [jvm.dll+0x245775]
V  [jvm.dll+0x82e22b]
V  [jvm.dll+0x61bdf6]
V  [jvm.dll+0x1c07be]
V  [jvm.dll+0x61e741]
V  [jvm.dll+0x61c796]
V  [jvm.dll+0x239e0f]
V  [jvm.dll+0x6265a5]
V  [jvm.dll+0x1ea5db]
V  [jvm.dll+0x1eab15]
V  [jvm.dll+0x1eb54f]
V  [jvm.dll+0x1e09f1]
V  [jvm.dll+0x53c910]
V  [jvm.dll+0x1f11e7]
V  [jvm.dll+0x7ac56b]
V  [jvm.dll+0x7ad912]
V  [jvm.dll+0x7adc48]
V  [jvm.dll+0x23db7e]
V  [jvm.dll+0x37f29e]
C  0x000002413f51b6ce

Java frames: (J=compiled Java code, j=interpreted, Vv=VM code)
j  jdk.internal.util.jar.JarIndex.read(Ljava/io/InputStream;)V+24 java.base@17.0.4.1
j  jdk.internal.util.jar.JarIndex.<init>(Ljava/io/InputStream;)V+6 java.base@17.0.4.1
j  jdk.internal.util.jar.JarIndex.getJarIndex(Ljava/util/jar/JarFile;)Ljdk/internal/util/jar/JarIndex;+22 java.base@17.0.4.1
j  jdk.internal.loader.URLClassPath$JarLoader$1.run()Ljava/lang/Void;+72 java.base@17.0.4.1
j  jdk.internal.loader.URLClassPath$JarLoader$1.run()Ljava/lang/Object;+1 java.base@17.0.4.1
j  java.security.AccessController.executePrivileged(Ljava/security/PrivilegedExceptionAction;Ljava/security/AccessControlContext;Ljava/lang/Class;)Ljava/lang/Object;+29 java.base@17.0.4.1
j  java.security.AccessController.doPrivileged(Ljava/security/PrivilegedExceptionAction;Ljava/security/AccessControlContext;)Ljava/lang/Object;+13 java.base@17.0.4.1
j  jdk.internal.loader.URLClassPath$JarLoader.ensureOpen()V+19 java.base@17.0.4.1
j  jdk.internal.loader.URLClassPath$JarLoader.<init>(Ljava/net/URL;Ljava/net/URLStreamHandler;Ljava/util/HashMap;Ljava/security/AccessControlContext;)V+63 java.base@17.0.4.1
j  jdk.internal.loader.URLClassPath$3.run()Ljdk/internal/loader/URLClassPath$Loader;+168 java.base@17.0.4.1
j  jdk.internal.loader.URLClassPath$3.run()Ljava/lang/Object;+1 java.base@17.0.4.1
j  java.security.AccessController.executePrivileged(Ljava/security/PrivilegedExceptionAction;Ljava/security/AccessControlContext;Ljava/lang/Class;)Ljava/lang/Object;+29 java.base@17.0.4.1
j  java.security.AccessController.doPrivileged(Ljava/security/PrivilegedExceptionAction;Ljava/security/AccessControlContext;)Ljava/lang/Object;+13 java.base@17.0.4.1
j  jdk.internal.loader.URLClassPath.getLoader(Ljava/net/URL;)Ljdk/internal/loader/URLClassPath$Loader;+13 java.base@17.0.4.1
j  jdk.internal.loader.URLClassPath.getLoader(I)Ljdk/internal/loader/URLClassPath$Loader;+81 java.base@17.0.4.1
j  jdk.internal.loader.URLClassPath.getResource(Ljava/lang/String;Z)Ljdk/internal/loader/Resource;+42 java.base@17.0.4.1
j  jdk.internal.loader.BuiltinClassLoader.findClassOnClassPathOrNull(Ljava/lang/String;)Ljava/lang/Class;+26 java.base@17.0.4.1
j  jdk.internal.loader.BuiltinClassLoader.loadClassOrNull(Ljava/lang/String;Z)Ljava/lang/Class;+111 java.base@17.0.4.1
j  jdk.internal.loader.BuiltinClassLoader.loadClass(Ljava/lang/String;Z)Ljava/lang/Class;+3 java.base@17.0.4.1
j  jdk.internal.loader.ClassLoaders$AppClassLoader.loadClass(Ljava/lang/String;Z)Ljava/lang/Class;+36 java.base@17.0.4.1
j  java.lang.ClassLoader.loadClass(Ljava/lang/String;)Ljava/lang/Class;+3 java.base@17.0.4.1
v  ~StubRoutines::call_stub
j  java.lang.Class.forName0(Ljava/lang/String;ZLjava/lang/ClassLoader;Ljava/lang/Class;)Ljava/lang/Class;+0 java.base@17.0.4.1
j  java.lang.Class.forName(Ljava/lang/String;ZLjava/lang/ClassLoader;)Ljava/lang/Class;+43 java.base@17.0.4.1
j  sun.launcher.LauncherHelper.loadMainClass(ILjava/lang/String;)Ljava/lang/Class;+95 java.base@17.0.4.1
j  sun.launcher.LauncherHelper.checkAndLoadMain(ZILjava/lang/String;)Ljava/lang/Class;+42 java.base@17.0.4.1
v  ~StubRoutines::call_stub

---------------  P R O C E S S  ---------------

Threads class SMR info:
_java_thread_list=0x0000024156e580a0, length=12, elements={
0x0000024137a0d040, 0x00000241560ee260, 0x00000241560ef0d0, 0x00000241560f3110,
0x00000241560f39d0, 0x0000024156c1e420, 0x0000024156c1edd0, 0x0000024156c20380,
0x0000024156c28e30, 0x0000024156c2d050, 0x0000024156ce0230, 0x0000024156e72160
}

Java Threads: ( => current thread )
=>0x0000024137a0d040 JavaThread "main" [_thread_in_vm, id=2756, stack(0x000000f99b400000,0x000000f99b500000)]
  0x00000241560ee260 JavaThread "Reference Handler" daemon [_thread_blocked, id=13716, stack(0x000000f99bb00000,0x000000f99bc00000)]
  0x00000241560ef0d0 JavaThread "Finalizer" daemon [_thread_blocked, id=13556, stack(0x000000f99bc00000,0x000000f99bd00000)]
  0x00000241560f3110 JavaThread "Signal Dispatcher" daemon [_thread_blocked, id=13584, stack(0x000000f99bd00000,0x000000f99be00000)]
  0x00000241560f39d0 JavaThread "Attach Listener" daemon [_thread_blocked, id=8336, stack(0x000000f99be00000,0x000000f99bf00000)]
  0x0000024156c1e420 JavaThread "Service Thread" daemon [_thread_blocked, id=7260, stack(0x000000f99bf00000,0x000000f99c000000)]
  0x0000024156c1edd0 JavaThread "Monitor Deflation Thread" daemon [_thread_blocked, id=12832, stack(0x000000f99c000000,0x000000f99c100000)]
  0x0000024156c20380 JavaThread "C2 CompilerThread0" daemon [_thread_blocked, id=6384, stack(0x000000f99c100000,0x000000f99c200000)]
  0x0000024156c28e30 JavaThread "C1 CompilerThread0" daemon [_thread_blocked, id=1132, stack(0x000000f99c200000,0x000000f99c300000)]
  0x0000024156c2d050 JavaThread "Sweeper thread" daemon [_thread_blocked, id=5100, stack(0x000000f99c300000,0x000000f99c400000)]
  0x0000024156ce0230 JavaThread "Common-Cleaner" daemon [_thread_blocked, id=12216, stack(0x000000f99c400000,0x000000f99c500000)]
  0x0000024156e72160 JavaThread "Notification Thread" daemon [_thread_blocked, id=13404, stack(0x000000f99c500000,0x000000f99c600000)]

Other Threads:
  0x00000241560d51b0 VMThread "VM Thread" [stack: 0x000000f99ba00000,0x000000f99bb00000] [id=2576]
  0x0000024156e72630 WatcherThread [stack: 0x000000f99c600000,0x000000f99c700000] [id=13744]
  0x0000024137a66160 GCTaskThread "GC Thread#0" [stack: 0x000000f99b500000,0x000000f99b600000] [id=1832]
  0x0000024137a769a0 ConcurrentGCThread "G1 Main Marker" [stack: 0x000000f99b600000,0x000000f99b700000] [id=5552]
  0x0000024137a78b60 ConcurrentGCThread "G1 Conc#0" [stack: 0x000000f99b700000,0x000000f99b800000] [id=10244]
  0x0000024137aee350 ConcurrentGCThread "G1 Refine#0" [stack: 0x000000f99b800000,0x000000f99b900000] [id=10060]
  0x0000024155f204a0 ConcurrentGCThread "G1 Service" [stack: 0x000000f99b900000,0x000000f99ba00000] [id=7232]

Threads with active compile tasks:

VM state: not at safepoint (normal execution)

VM Mutex/Monitor currently owned by a thread:  ([mutex/lock_event])
[0x0000024137a06290] Metaspace_lock - owner thread: 0x0000024137a0d040

Heap address: 0x0000000083800000, size: 1992 MB, Compressed Oops mode: 32-bit

CDS archive(s) not mapped
Compressed class space mapped at: 0x0000000100000000-0x0000000140000000, reserved size: 1073741824
Narrow klass base: 0x0000000000000000, Narrow klass shift: 3, Narrow klass range: 0x140000000

GC Precious Log:
 CPUs: 12 total, 12 available
 Memory: 7967M
 Large Page Support: Disabled
 NUMA Support: Disabled
 Compressed Oops: Enabled (32-bit)
 Heap Region Size: 1M
 Heap Min Capacity: 8M
 Heap Initial Capacity: 126M
 Heap Max Capacity: 1992M
 Pre-touch: Disabled
 Parallel Workers: 10
 Concurrent Workers: 3
 Concurrent Refinement Workers: 10
 Periodic GC: Disabled

Heap:
 garbage-first heap   total 129024K, used 2048K [0x0000000083800000, 0x0000000100000000)
  region size 1024K, 3 young (3072K), 0 survivors (0K)
 Metaspace       used 6151K, committed 6272K, reserved 1056768K
  class space    used 518K, committed 576K, reserved 1048576K

Heap Regions: E=young(eden), S=young(survivor), O=old, HS=humongous(starts), HC=humongous(continues), CS=collection set, F=free, OA=open archive, CA=closed archive, TAMS=top-at-mark-start (previous, next)
|   0|0x0000000083800000, 0x0000000083800000, 0x0000000083900000|  0%| F|  |TAMS 0x0000000083800000, 0x0000000083800000| Untracked 
|   1|0x0000000083900000, 0x0000000083900000, 0x0000000083a00000|  0%| F|  |TAMS 0x0000000083900000, 0x0000000083900000| Untracked 
|   2|0x0000000083a00000, 0x0000000083a00000, 0x0000000083b00000|  0%| F|  |TAMS 0x0000000083a00000, 0x0000000083a00000| Untracked 
|   3|0x0000000083b00000, 0x0000000083b00000, 0x0000000083c00000|  0%| F|  |TAMS 0x0000000083b00000, 0x0000000083b00000| Untracked 
|   4|0x0000000083c00000, 0x0000000083c00000, 0x0000000083d00000|  0%| F|  |TAMS 0x0000000083c00000, 0x0000000083c00000| Untracked 
|   5|0x0000000083d00000, 0x0000000083d00000, 0x0000000083e00000|  0%| F|  |TAMS 0x0000000083d00000, 0x0000000083d00000| Untracked 
|   6|0x0000000083e00000, 0x0000000083e00000, 0x0000000083f00000|  0%| F|  |TAMS 0x0000000083e00000, 0x0000000083e00000| Untracked 
|   7|0x0000000083f00000, 0x0000000083f00000, 0x0000000084000000|  0%| F|  |TAMS 0x0000000083f00000, 0x0000000083f00000| Untracked 
|   8|0x0000000084000000, 0x0000000084000000, 0x0000000084100000|  0%| F|  |TAMS 0x0000000084000000, 0x0000000084000000| Untracked 
|   9|0x0000000084100000, 0x0000000084100000, 0x0000000084200000|  0%| F|  |TAMS 0x0000000084100000, 0x0000000084100000| Untracked 
|  10|0x0000000084200000, 0x0000000084200000, 0x0000000084300000|  0%| F|  |TAMS 0x0000000084200000, 0x0000000084200000| Untracked 
|  11|0x0000000084300000, 0x0000000084300000, 0x0000000084400000|  0%| F|  |TAMS 0x0000000084300000, 0x0000000084300000| Untracked 
|  12|0x0000000084400000, 0x0000000084400000, 0x0000000084500000|  0%| F|  |TAMS 0x0000000084400000, 0x0000000084400000| Untracked 
|  13|0x0000000084500000, 0x0000000084500000, 0x0000000084600000|  0%| F|  |TAMS 0x0000000084500000, 0x0000000084500000| Untracked 
|  14|0x0000000084600000, 0x0000000084600000, 0x0000000084700000|  0%| F|  |TAMS 0x0000000084600000, 0x0000000084600000| Untracked 
|  15|0x0000000084700000, 0x0000000084700000, 0x0000000084800000|  0%| F|  |TAMS 0x0000000084700000, 0x0000000084700000| Untracked 
|  16|0x0000000084800000, 0x0000000084800000, 0x0000000084900000|  0%| F|  |TAMS 0x0000000084800000, 0x0000000084800000| Untracked 
|  17|0x0000000084900000, 0x0000000084900000, 0x0000000084a00000|  0%| F|  |TAMS 0x0000000084900000, 0x0000000084900000| Untracked 
|  18|0x0000000084a00000, 0x0000000084a00000, 0x0000000084b00000|  0%| F|  |TAMS 0x0000000084a00000, 0x0000000084a00000| Untracked 
|  19|0x0000000084b00000, 0x0000000084b00000, 0x0000000084c00000|  0%| F|  |TAMS 0x0000000084b00000, 0x0000000084b00000| Untracked 
|  20|0x0000000084c00000, 0x0000000084c00000, 0x0000000084d00000|  0%| F|  |TAMS 0x0000000084c00000, 0x0000000084c00000| Untracked 
|  21|0x0000000084d00000, 0x0000000084d00000, 0x0000000084e00000|  0%| F|  |TAMS 0x0000000084d00000, 0x0000000084d00000| Untracked 
|  22|0x0000000084e00000, 0x0000000084e00000, 0x0000000084f00000|  0%| F|  |TAMS 0x0000000084e00000, 0x0000000084e00000| Untracked 
|  23|0x0000000084f00000, 0x0000000084f00000, 0x0000000085000000|  0%| F|  |TAMS 0x0000000084f00000, 0x0000000084f00000| Untracked 
|  24|0x0000000085000000, 0x0000000085000000, 0x0000000085100000|  0%| F|  |TAMS 0x0000000085000000, 0x0000000085000000| Untracked 
|  25|0x0000000085100000, 0x0000000085100000, 0x0000000085200000|  0%| F|  |TAMS 0x0000000085100000, 0x0000000085100000| Untracked 
|  26|0x0000000085200000, 0x0000000085200000, 0x0000000085300000|  0%| F|  |TAMS 0x0000000085200000, 0x0000000085200000| Untracked 
|  27|0x0000000085300000, 0x0000000085300000, 0x0000000085400000|  0%| F|  |TAMS 0x0000000085300000, 0x0000000085300000| Untracked 
|  28|0x0000000085400000, 0x0000000085400000, 0x0000000085500000|  0%| F|  |TAMS 0x0000000085400000, 0x0000000085400000| Untracked 
|  29|0x0000000085500000, 0x0000000085500000, 0x0000000085600000|  0%| F|  |TAMS 0x0000000085500000, 0x0000000085500000| Untracked 
|  30|0x0000000085600000, 0x0000000085600000, 0x0000000085700000|  0%| F|  |TAMS 0x0000000085600000, 0x0000000085600000| Untracked 
|  31|0x0000000085700000, 0x0000000085700000, 0x0000000085800000|  0%| F|  |TAMS 0x0000000085700000, 0x0000000085700000| Untracked 
|  32|0x0000000085800000, 0x0000000085800000, 0x0000000085900000|  0%| F|  |TAMS 0x0000000085800000, 0x0000000085800000| Untracked 
|  33|0x0000000085900000, 0x0000000085900000, 0x0000000085a00000|  0%| F|  |TAMS 0x0000000085900000, 0x0000000085900000| Untracked 
|  34|0x0000000085a00000, 0x0000000085a00000, 0x0000000085b00000|  0%| F|  |TAMS 0x0000000085a00000, 0x0000000085a00000| Untracked 
|  35|0x0000000085b00000, 0x0000000085b00000, 0x0000000085c00000|  0%| F|  |TAMS 0x0000000085b00000, 0x0000000085b00000| Untracked 
|  36|0x0000000085c00000, 0x0000000085c00000, 0x0000000085d00000|  0%| F|  |TAMS 0x0000000085c00000, 0x0000000085c00000| Untracked 
|  37|0x0000000085d00000, 0x0000000085d00000, 0x0000000085e00000|  0%| F|  |TAMS 0x0000000085d00000, 0x0000000085d00000| Untracked 
|  38|0x0000000085e00000, 0x0000000085e00000, 0x0000000085f00000|  0%| F|  |TAMS 0x0000000085e00000, 0x0000000085e00000| Untracked 
|  39|0x0000000085f00000, 0x0000000085f00000, 0x0000000086000000|  0%| F|  |TAMS 0x0000000085f00000, 0x0000000085f00000| Untracked 
|  40|0x0000000086000000, 0x0000000086000000, 0x0000000086100000|  0%| F|  |TAMS 0x0000000086000000, 0x0000000086000000| Untracked 
|  41|0x0000000086100000, 0x0000000086100000, 0x0000000086200000|  0%| F|  |TAMS 0x0000000086100000, 0x0000000086100000| Untracked 
|  42|0x0000000086200000, 0x0000000086200000, 0x0000000086300000|  0%| F|  |TAMS 0x0000000086200000, 0x0000000086200000| Untracked 
|  43|0x0000000086300000, 0x0000000086300000, 0x0000000086400000|  0%| F|  |TAMS 0x0000000086300000, 0x0000000086300000| Untracked 
|  44|0x0000000086400000, 0x0000000086400000, 0x0000000086500000|  0%| F|  |TAMS 0x0000000086400000, 0x0000000086400000| Untracked 
|  45|0x0000000086500000, 0x0000000086500000, 0x0000000086600000|  0%| F|  |TAMS 0x0000000086500000, 0x0000000086500000| Untracked 
|  46|0x0000000086600000, 0x0000000086600000, 0x0000000086700000|  0%| F|  |TAMS 0x0000000086600000, 0x0000000086600000| Untracked 
|  47|0x0000000086700000, 0x0000000086700000, 0x0000000086800000|  0%| F|  |TAMS 0x0000000086700000, 0x0000000086700000| Untracked 
|  48|0x0000000086800000, 0x0000000086800000, 0x0000000086900000|  0%| F|  |TAMS 0x0000000086800000, 0x0000000086800000| Untracked 
|  49|0x0000000086900000, 0x0000000086900000, 0x0000000086a00000|  0%| F|  |TAMS 0x0000000086900000, 0x0000000086900000| Untracked 
|  50|0x0000000086a00000, 0x0000000086a00000, 0x0000000086b00000|  0%| F|  |TAMS 0x0000000086a00000, 0x0000000086a00000| Untracked 
|  51|0x0000000086b00000, 0x0000000086b00000, 0x0000000086c00000|  0%| F|  |TAMS 0x0000000086b00000, 0x0000000086b00000| Untracked 
|  52|0x0000000086c00000, 0x0000000086c00000, 0x0000000086d00000|  0%| F|  |TAMS 0x0000000086c00000, 0x0000000086c00000| Untracked 
|  53|0x0000000086d00000, 0x0000000086d00000, 0x0000000086e00000|  0%| F|  |TAMS 0x0000000086d00000, 0x0000000086d00000| Untracked 
|  54|0x0000000086e00000, 0x0000000086e00000, 0x0000000086f00000|  0%| F|  |TAMS 0x0000000086e00000, 0x0000000086e00000| Untracked 
|  55|0x0000000086f00000, 0x0000000086f00000, 0x0000000087000000|  0%| F|  |TAMS 0x0000000086f00000, 0x0000000086f00000| Untracked 
|  56|0x0000000087000000, 0x0000000087000000, 0x0000000087100000|  0%| F|  |TAMS 0x0000000087000000, 0x0000000087000000| Untracked 
|  57|0x0000000087100000, 0x0000000087100000, 0x0000000087200000|  0%| F|  |TAMS 0x0000000087100000, 0x0000000087100000| Untracked 
|  58|0x0000000087200000, 0x0000000087200000, 0x0000000087300000|  0%| F|  |TAMS 0x0000000087200000, 0x0000000087200000| Untracked 
|  59|0x0000000087300000, 0x0000000087300000, 0x0000000087400000|  0%| F|  |TAMS 0x0000000087300000, 0x0000000087300000| Untracked 
|  60|0x0000000087400000, 0x0000000087400000, 0x0000000087500000|  0%| F|  |TAMS 0x0000000087400000, 0x0000000087400000| Untracked 
|  61|0x0000000087500000, 0x0000000087500000, 0x0000000087600000|  0%| F|  |TAMS 0x0000000087500000, 0x0000000087500000| Untracked 
|  62|0x0000000087600000, 0x0000000087600000, 0x0000000087700000|  0%| F|  |TAMS 0x0000000087600000, 0x0000000087600000| Untracked 
|  63|0x0000000087700000, 0x0000000087700000, 0x0000000087800000|  0%| F|  |TAMS 0x0000000087700000, 0x0000000087700000| Untracked 
|  64|0x0000000087800000, 0x0000000087800000, 0x0000000087900000|  0%| F|  |TAMS 0x0000000087800000, 0x0000000087800000| Untracked 
|  65|0x0000000087900000, 0x0000000087900000, 0x0000000087a00000|  0%| F|  |TAMS 0x0000000087900000, 0x0000000087900000| Untracked 
|  66|0x0000000087a00000, 0x0000000087a00000, 0x0000000087b00000|  0%| F|  |TAMS 0x0000000087a00000, 0x0000000087a00000| Untracked 
|  67|0x0000000087b00000, 0x0000000087b00000, 0x0000000087c00000|  0%| F|  |TAMS 0x0000000087b00000, 0x0000000087b00000| Untracked 
|  68|0x0000000087c00000, 0x0000000087c00000, 0x0000000087d00000|  0%| F|  |TAMS 0x0000000087c00000, 0x0000000087c00000| Untracked 
|  69|0x0000000087d00000, 0x0000000087d00000, 0x0000000087e00000|  0%| F|  |TAMS 0x0000000087d00000, 0x0000000087d00000| Untracked 
|  70|0x0000000087e00000, 0x0000000087e00000, 0x0000000087f00000|  0%| F|  |TAMS 0x0000000087e00000, 0x0000000087e00000| Untracked 
|  71|0x0000000087f00000, 0x0000000087f00000, 0x0000000088000000|  0%| F|  |TAMS 0x0000000087f00000, 0x0000000087f00000| Untracked 
|  72|0x0000000088000000, 0x0000000088000000, 0x0000000088100000|  0%| F|  |TAMS 0x0000000088000000, 0x0000000088000000| Untracked 
|  73|0x0000000088100000, 0x0000000088100000, 0x0000000088200000|  0%| F|  |TAMS 0x0000000088100000, 0x0000000088100000| Untracked 
|  74|0x0000000088200000, 0x0000000088200000, 0x0000000088300000|  0%| F|  |TAMS 0x0000000088200000, 0x0000000088200000| Untracked 
|  75|0x0000000088300000, 0x0000000088300000, 0x0000000088400000|  0%| F|  |TAMS 0x0000000088300000, 0x0000000088300000| Untracked 
|  76|0x0000000088400000, 0x0000000088400000, 0x0000000088500000|  0%| F|  |TAMS 0x0000000088400000, 0x0000000088400000| Untracked 
|  77|0x0000000088500000, 0x0000000088500000, 0x0000000088600000|  0%| F|  |TAMS 0x0000000088500000, 0x0000000088500000| Untracked 
|  78|0x0000000088600000, 0x0000000088600000, 0x0000000088700000|  0%| F|  |TAMS 0x0000000088600000, 0x0000000088600000| Untracked 
|  79|0x0000000088700000, 0x0000000088700000, 0x0000000088800000|  0%| F|  |TAMS 0x0000000088700000, 0x0000000088700000| Untracked 
|  80|0x0000000088800000, 0x0000000088800000, 0x0000000088900000|  0%| F|  |TAMS 0x0000000088800000, 0x0000000088800000| Untracked 
|  81|0x0000000088900000, 0x0000000088900000, 0x0000000088a00000|  0%| F|  |TAMS 0x0000000088900000, 0x0000000088900000| Untracked 
|  82|0x0000000088a00000, 0x0000000088a00000, 0x0000000088b00000|  0%| F|  |TAMS 0x0000000088a00000, 0x0000000088a00000| Untracked 
|  83|0x0000000088b00000, 0x0000000088b00000, 0x0000000088c00000|  0%| F|  |TAMS 0x0000000088b00000, 0x0000000088b00000| Untracked 
|  84|0x0000000088c00000, 0x0000000088c00000, 0x0000000088d00000|  0%| F|  |TAMS 0x0000000088c00000, 0x0000000088c00000| Untracked 
|  85|0x0000000088d00000, 0x0000000088d00000, 0x0000000088e00000|  0%| F|  |TAMS 0x0000000088d00000, 0x0000000088d00000| Untracked 
|  86|0x0000000088e00000, 0x0000000088e00000, 0x0000000088f00000|  0%| F|  |TAMS 0x0000000088e00000, 0x0000000088e00000| Untracked 
|  87|0x0000000088f00000, 0x0000000088f00000, 0x0000000089000000|  0%| F|  |TAMS 0x0000000088f00000, 0x0000000088f00000| Untracked 
|  88|0x0000000089000000, 0x0000000089000000, 0x0000000089100000|  0%| F|  |TAMS 0x0000000089000000, 0x0000000089000000| Untracked 
|  89|0x0000000089100000, 0x0000000089100000, 0x0000000089200000|  0%| F|  |TAMS 0x0000000089100000, 0x0000000089100000| Untracked 
|  90|0x0000000089200000, 0x0000000089200000, 0x0000000089300000|  0%| F|  |TAMS 0x0000000089200000, 0x0000000089200000| Untracked 
|  91|0x0000000089300000, 0x0000000089300000, 0x0000000089400000|  0%| F|  |TAMS 0x0000000089300000, 0x0000000089300000| Untracked 
|  92|0x0000000089400000, 0x0000000089400000, 0x0000000089500000|  0%| F|  |TAMS 0x0000000089400000, 0x0000000089400000| Untracked 
|  93|0x0000000089500000, 0x0000000089500000, 0x0000000089600000|  0%| F|  |TAMS 0x0000000089500000, 0x0000000089500000| Untracked 
|  94|0x0000000089600000, 0x0000000089600000, 0x0000000089700000|  0%| F|  |TAMS 0x0000000089600000, 0x0000000089600000| Untracked 
|  95|0x0000000089700000, 0x0000000089700000, 0x0000000089800000|  0%| F|  |TAMS 0x0000000089700000, 0x0000000089700000| Untracked 
|  96|0x0000000089800000, 0x0000000089800000, 0x0000000089900000|  0%| F|  |TAMS 0x0000000089800000, 0x0000000089800000| Untracked 
|  97|0x0000000089900000, 0x0000000089900000, 0x0000000089a00000|  0%| F|  |TAMS 0x0000000089900000, 0x0000000089900000| Untracked 
|  98|0x0000000089a00000, 0x0000000089a00000, 0x0000000089b00000|  0%| F|  |TAMS 0x0000000089a00000, 0x0000000089a00000| Untracked 
|  99|0x0000000089b00000, 0x0000000089b00000, 0x0000000089c00000|  0%| F|  |TAMS 0x0000000089b00000, 0x0000000089b00000| Untracked 
| 100|0x0000000089c00000, 0x0000000089c00000, 0x0000000089d00000|  0%| F|  |TAMS 0x0000000089c00000, 0x0000000089c00000| Untracked 
| 101|0x0000000089d00000, 0x0000000089d00000, 0x0000000089e00000|  0%| F|  |TAMS 0x0000000089d00000, 0x0000000089d00000| Untracked 
| 102|0x0000000089e00000, 0x0000000089e00000, 0x0000000089f00000|  0%| F|  |TAMS 0x0000000089e00000, 0x0000000089e00000| Untracked 
| 103|0x0000000089f00000, 0x0000000089f00000, 0x000000008a000000|  0%| F|  |TAMS 0x0000000089f00000, 0x0000000089f00000| Untracked 
| 104|0x000000008a000000, 0x000000008a000000, 0x000000008a100000|  0%| F|  |TAMS 0x000000008a000000, 0x000000008a000000| Untracked 
| 105|0x000000008a100000, 0x000000008a100000, 0x000000008a200000|  0%| F|  |TAMS 0x000000008a100000, 0x000000008a100000| Untracked 
| 106|0x000000008a200000, 0x000000008a200000, 0x000000008a300000|  0%| F|  |TAMS 0x000000008a200000, 0x000000008a200000| Untracked 
| 107|0x000000008a300000, 0x000000008a300000, 0x000000008a400000|  0%| F|  |TAMS 0x000000008a300000, 0x000000008a300000| Untracked 
| 108|0x000000008a400000, 0x000000008a400000, 0x000000008a500000|  0%| F|  |TAMS 0x000000008a400000, 0x000000008a400000| Untracked 
| 109|0x000000008a500000, 0x000000008a500000, 0x000000008a600000|  0%| F|  |TAMS 0x000000008a500000, 0x000000008a500000| Untracked 
| 110|0x000000008a600000, 0x000000008a600000, 0x000000008a700000|  0%| F|  |TAMS 0x000000008a600000, 0x000000008a600000| Untracked 
| 111|0x000000008a700000, 0x000000008a700000, 0x000000008a800000|  0%| F|  |TAMS 0x000000008a700000, 0x000000008a700000| Untracked 
| 112|0x000000008a800000, 0x000000008a800000, 0x000000008a900000|  0%| F|  |TAMS 0x000000008a800000, 0x000000008a800000| Untracked 
| 113|0x000000008a900000, 0x000000008a900000, 0x000000008aa00000|  0%| F|  |TAMS 0x000000008a900000, 0x000000008a900000| Untracked 
| 114|0x000000008aa00000, 0x000000008aa00000, 0x000000008ab00000|  0%| F|  |TAMS 0x000000008aa00000, 0x000000008aa00000| Untracked 
| 115|0x000000008ab00000, 0x000000008ab00000, 0x000000008ac00000|  0%| F|  |TAMS 0x000000008ab00000, 0x000000008ab00000| Untracked 
| 116|0x000000008ac00000, 0x000000008ac00000, 0x000000008ad00000|  0%| F|  |TAMS 0x000000008ac00000, 0x000000008ac00000| Untracked 
| 117|0x000000008ad00000, 0x000000008ad00000, 0x000000008ae00000|  0%| F|  |TAMS 0x000000008ad00000, 0x000000008ad00000| Untracked 
| 118|0x000000008ae00000, 0x000000008ae00000, 0x000000008af00000|  0%| F|  |TAMS 0x000000008ae00000, 0x000000008ae00000| Untracked 
| 119|0x000000008af00000, 0x000000008af00000, 0x000000008b000000|  0%| F|  |TAMS 0x000000008af00000, 0x000000008af00000| Untracked 
| 120|0x000000008b000000, 0x000000008b000000, 0x000000008b100000|  0%| F|  |TAMS 0x000000008b000000, 0x000000008b000000| Untracked 
| 121|0x000000008b100000, 0x000000008b100000, 0x000000008b200000|  0%| F|  |TAMS 0x000000008b100000, 0x000000008b100000| Untracked 
| 122|0x000000008b200000, 0x000000008b200000, 0x000000008b300000|  0%| F|  |TAMS 0x000000008b200000, 0x000000008b200000| Untracked 
| 123|0x000000008b300000, 0x000000008b31a1c8, 0x000000008b400000| 10%| E|  |TAMS 0x000000008b300000, 0x000000008b300000| Complete 
| 124|0x000000008b400000, 0x000000008b500000, 0x000000008b500000|100%| E|CS|TAMS 0x000000008b400000, 0x000000008b400000| Complete 
| 125|0x000000008b500000, 0x000000008b600000, 0x000000008b600000|100%| E|CS|TAMS 0x000000008b500000, 0x000000008b500000| Complete 

Card table byte_map: [0x000002414ee40000,0x000002414f230000] _byte_map_base: 0x000002414ea24000

Marking Bits (Prev, Next): (CMBitMap*) 0x0000024137a66770, (CMBitMap*) 0x0000024137a667b0
 Prev Bits: [0x000002414f620000, 0x0000024151540000)
 Next Bits: [0x0000024151540000, 0x0000024153460000)

Polling page: 0x0000024135790000

Metaspace:

Usage:
  Non-class:      5.50 MB used.
      Class:    518.52 KB used.
       Both:      6.01 MB used.

Virtual space:
  Non-class space:        8.00 MB reserved,       5.56 MB ( 70%) committed,  1 nodes.
      Class space:        1.00 GB reserved,     576.00 KB ( <1%) committed,  1 nodes.
             Both:        1.01 GB reserved,       6.12 MB ( <1%) committed. 

Chunk freelists:
   Non-Class:  2.25 MB
       Class:  3.25 MB
        Both:  5.50 MB

MaxMetaspaceSize: unlimited
CompressedClassSpaceSize: 1.00 GB
Initial GC threshold: 21.00 MB
Current GC threshold: 21.00 MB
CDS: off
MetaspaceReclaimPolicy: balanced
 - commit_granule_bytes: 65536.
 - commit_granule_words: 8192.
 - virtual_space_node_default_size: 1048576.
 - enlarge_chunks_in_place: 1.
 - new_chunks_are_fully_committed: 0.
 - uncommit_free_chunks: 1.
 - use_allocation_guard: 0.
 - handle_deallocations: 1.


Internal statistics:

num_allocs_failed_limit: 0.
num_arena_births: 4.
num_arena_deaths: 0.
num_vsnodes_births: 2.
num_vsnodes_deaths: 0.
num_space_committed: 98.
num_space_uncommitted: 0.
num_chunks_returned_to_freelist: 0.
num_chunks_taken_from_freelist: 15.
num_chunk_merges: 0.
num_chunk_splits: 4.
num_chunks_enlarged: 1.
num_purges: 0.
num_inconsistent_stats: 0.

CodeHeap 'non-profiled nmethods': size=120000Kb used=66Kb max_used=66Kb free=119933Kb
 bounds [0x0000024146fd0000, 0x0000024147240000, 0x000002414e500000]
CodeHeap 'profiled nmethods': size=120000Kb used=242Kb max_used=242Kb free=119758Kb
 bounds [0x000002413faa0000, 0x000002413fd10000, 0x0000024146fd0000]
CodeHeap 'non-nmethods': size=5760Kb used=1097Kb max_used=1112Kb free=4662Kb
 bounds [0x000002413f500000, 0x000002413f770000, 0x000002413faa0000]
 total_blobs=586 nmethods=216 adapters=283
 compilation: enabled
              stopped_count=0, restarted_count=0
 full_count=0

Compilation events (20 events):
Event: 0.109 Thread 0x0000024156c28e30  211       3       java.util.zip.ZipFile$Source::isMetaName (141 bytes)
Event: 0.109 Thread 0x0000024156c28e30 nmethod 211 0x000002413fad7f90 code [0x000002413fad8140, 0x000002413fad8658]
Event: 0.109 Thread 0x0000024156c28e30  212       3       java.util.zip.ZipFile$Source::nextEntryPos (22 bytes)
Event: 0.109 Thread 0x0000024156c20380 nmethod 203 0x0000024146fdfb10 code [0x0000024146fdfc80, 0x0000024146fdfd38]
Event: 0.109 Thread 0x0000024156c20380  215       4       java.util.zip.ZipCoder$UTF8ZipCoder::checkedHash (91 bytes)
Event: 0.109 Thread 0x0000024156c28e30 nmethod 212 0x000002413fad8810 code [0x000002413fad89c0, 0x000002413fad8cf8]
Event: 0.109 Thread 0x0000024156c28e30  213       3       java.util.zip.ZipUtils::CENCOM (9 bytes)
Event: 0.109 Thread 0x0000024156c28e30 nmethod 213 0x000002413fad8e90 code [0x000002413fad9020, 0x000002413fad91d8]
Event: 0.109 Thread 0x0000024156c28e30  205   !   3       java.util.zip.ZipFile$Source::checkAndAddEntry (209 bytes)
Event: 0.110 Thread 0x0000024156c28e30 nmethod 205 0x000002413fad9310 code [0x000002413fad9680, 0x000002413fadaa28]
Event: 0.110 Thread 0x0000024156c28e30  207       3       java.util.zip.ZipUtils::CENHOW (9 bytes)
Event: 0.110 Thread 0x0000024156c28e30 nmethod 207 0x000002413fadb590 code [0x000002413fadb720, 0x000002413fadb8d8]
Event: 0.110 Thread 0x0000024156c28e30  208       3       java.util.zip.ZipUtils::CENFLG (9 bytes)
Event: 0.110 Thread 0x0000024156c28e30 nmethod 208 0x000002413fadba10 code [0x000002413fadbba0, 0x000002413fadbd58]
Event: 0.110 Thread 0x0000024156c28e30  206       3       java.util.zip.ZipUtils::CENSIG (8 bytes)
Event: 0.110 Thread 0x0000024156c28e30 nmethod 206 0x000002413fadbe90 code [0x000002413fadc040, 0x000002413fadc318]
Event: 0.111 Thread 0x0000024156c28e30  216       3       java.lang.Math::max (11 bytes)
Event: 0.111 Thread 0x0000024156c28e30 nmethod 216 0x000002413fadc490 code [0x000002413fadc620, 0x000002413fadc758]
Event: 0.111 Thread 0x0000024156c20380 nmethod 215 0x0000024146fdfe10 code [0x0000024146fdffa0, 0x0000024146fe0278]
Event: 0.111 Thread 0x0000024156c20380  187       4       java.util.HashMap::newNode (13 bytes)

GC Heap History (0 events):
No events

Deoptimization events (4 events):
Event: 0.104 Thread 0x0000024137a0d040 Uncommon trap: trap_request=0xffffff45 fr.pc=0x0000024146fd8978 relative=0x0000000000000078
Event: 0.104 Thread 0x0000024137a0d040 Uncommon trap: reason=unstable_if action=reinterpret pc=0x0000024146fd8978 method=java.lang.String.isLatin1()Z @ 10 c2
Event: 0.104 Thread 0x0000024137a0d040 DEOPT PACKING pc=0x0000024146fd8978 sp=0x000000f99b4fed20
Event: 0.104 Thread 0x0000024137a0d040 DEOPT UNPACKING pc=0x000002413f5523a3 sp=0x000000f99b4fec60 mode 2

Classes unloaded (0 events):
No events

Classes redefined (0 events):
No events

Internal exceptions (12 events):
Event: 0.093 Thread 0x0000024137a0d040 Exception <a 'sun/nio/fs/WindowsException'{0x000000008b459d58}> (0x000000008b459d58) 
thrown [s\src\hotspot\share\prims\jni.cpp, line 516]
Event: 0.093 Thread 0x0000024137a0d040 Exception <a 'sun/nio/fs/WindowsException'{0x000000008b45a1c8}> (0x000000008b45a1c8) 
thrown [s\src\hotspot\share\prims\jni.cpp, line 516]
Event: 0.094 Thread 0x0000024137a0d040 Exception <a 'sun/nio/fs/WindowsException'{0x000000008b45c030}> (0x000000008b45c030) 
thrown [s\src\hotspot\share\prims\jni.cpp, line 516]
Event: 0.094 Thread 0x0000024137a0d040 Exception <a 'sun/nio/fs/WindowsException'{0x000000008b45c910}> (0x000000008b45c910) 
thrown [s\src\hotspot\share\prims\jni.cpp, line 516]
Event: 0.094 Thread 0x0000024137a0d040 Exception <a 'sun/nio/fs/WindowsException'{0x000000008b45d200}> (0x000000008b45d200) 
thrown [s\src\hotspot\share\prims\jni.cpp, line 516]
Event: 0.094 Thread 0x0000024137a0d040 Exception <a 'sun/nio/fs/WindowsException'{0x000000008b45daf8}> (0x000000008b45daf8) 
thrown [s\src\hotspot\share\prims\jni.cpp, line 516]
Event: 0.094 Thread 0x0000024137a0d040 Exception <a 'sun/nio/fs/WindowsException'{0x000000008b45e408}> (0x000000008b45e408) 
thrown [s\src\hotspot\share\prims\jni.cpp, line 516]
Event: 0.094 Thread 0x0000024137a0d040 Exception <a 'sun/nio/fs/WindowsException'{0x000000008b45ed00}> (0x000000008b45ed00) 
thrown [s\src\hotspot\share\prims\jni.cpp, line 516]
Event: 0.094 Thread 0x0000024137a0d040 Exception <a 'sun/nio/fs/WindowsException'{0x000000008b45f610}> (0x000000008b45f610) 
thrown [s\src\hotspot\share\prims\jni.cpp, line 516]
Event: 0.094 Thread 0x0000024137a0d040 Exception <a 'sun/nio/fs/WindowsException'{0x000000008b45ff40}> (0x000000008b45ff40) 
thrown [s\src\hotspot\share\prims\jni.cpp, line 516]
Event: 0.095 Thread 0x0000024137a0d040 Exception <a 'sun/nio/fs/WindowsException'{0x000000008b460860}> (0x000000008b460860) 
thrown [s\src\hotspot\share\prims\jni.cpp, line 516]
Event: 0.095 Thread 0x0000024137a0d040 Exception <a 'sun/nio/fs/WindowsException'{0x000000008b461548}> (0x000000008b461548) 
thrown [s\src\hotspot\share\prims\jni.cpp, line 516]

VM Operations (2 events):
Event: 0.096 Executing VM operation: HandshakeAllThreads
Event: 0.096 Executing VM operation: HandshakeAllThreads done

Events (20 events):
Event: 0.110 loading class java/util/zip/ZipFile$ZipFileInflaterInputStream
Event: 0.110 loading class java/util/zip/InflaterInputStream
Event: 0.110 loading class java/util/zip/InflaterInputStream done
Event: 0.110 loading class java/util/zip/ZipFile$ZipFileInflaterInputStream done
Event: 0.110 loading class java/util/zip/Inflater
Event: 0.110 loading class java/util/zip/Inflater done
Event: 0.111 Loaded shared library C:\Users\Ahmed\AppData\Local\Programs\Eclipse Adoptium\jdk-17.0.4.101-hotspot\bin\zip.dll
Event: 0.111 loading class java/util/zip/Inflater$InflaterZStreamRef
Event: 0.111 loading class java/util/zip/Inflater$InflaterZStreamRef done
Event: 0.111 loading class java/util/zip/ZipFile$InflaterCleanupAction
Event: 0.111 loading class java/util/zip/ZipFile$InflaterCleanupAction done
Event: 0.111 loading class java/io/BufferedReader
Event: 0.111 loading class java/io/Reader
Event: 0.111 loading class java/io/Reader done
Event: 0.111 loading class java/io/BufferedReader done
Event: 0.111 loading class java/io/InputStreamReader
Event: 0.111 loading class java/io/InputStreamReader done
Event: 0.111 loading class sun/nio/cs/StreamDecoder
Event: 0.111 loading class sun/nio/cs/StreamDecoder done
Event: 0.112 loading class java/util/Vector


Dynamic libraries:
0x00007ff643140000 - 0x00007ff64314e000 	C:\Users\Ahmed\AppData\Local\Programs\Eclipse Adoptium\jdk-17.0.4.101-hotspot\bin\java.exe
0x00007ff8cb030000 - 0x00007ff8cb228000 	C:\WINDOWS\SYSTEM32\ntdll.dll
0x00007ff8cad10000 - 0x00007ff8cadcf000 	C:\WINDOWS\System32\KERNEL32.DLL
0x00007ff8c88e0000 - 0x00007ff8c8bb2000 	C:\WINDOWS\System32\KERNELBASE.dll
0x00007ff8c8770000 - 0x00007ff8c8870000 	C:\WINDOWS\System32\ucrtbase.dll
0x00007ff8bf1e0000 - 0x00007ff8bf1f8000 	C:\Users\Ahmed\AppData\Local\Programs\Eclipse Adoptium\jdk-17.0.4.101-hotspot\bin\jli.dll
0x00007ff8bce40000 - 0x00007ff8bce59000 	C:\Users\Ahmed\AppData\Local\Programs\Eclipse Adoptium\jdk-17.0.4.101-hotspot\bin\VCRUNTIME140.dll
0x00007ff8c9950000 - 0x00007ff8c9af1000 	C:\WINDOWS\System32\USER32.dll
0x00007ff8b08b0000 - 0x00007ff8b0b4a000 	C:\WINDOWS\WinSxS\amd64_microsoft.windows.common-controls_6595b64144ccf1df_6.0.19041.1110_none_60b5254171f9507e\COMCTL32.dll
0x00007ff8c8cd0000 - 0x00007ff8c8cf2000 	C:\WINDOWS\System32\win32u.dll
0x00007ff8c9e10000 - 0x00007ff8c9eae000 	C:\WINDOWS\System32\msvcrt.dll
0x00007ff8cae10000 - 0x00007ff8cae3b000 	C:\WINDOWS\System32\GDI32.dll
0x00007ff8c8bc0000 - 0x00007ff8c8ccf000 	C:\WINDOWS\System32\gdi32full.dll
0x00007ff8c8d30000 - 0x00007ff8c8dcd000 	C:\WINDOWS\System32\msvcp_win.dll
0x00007ff8cadd0000 - 0x00007ff8cae02000 	C:\WINDOWS\System32\IMM32.DLL
0x00007ff8bd780000 - 0x00007ff8bd78c000 	C:\Users\Ahmed\AppData\Local\Programs\Eclipse Adoptium\jdk-17.0.4.101-hotspot\bin\vcruntime140_1.dll
0x00007ff8ae5e0000 - 0x00007ff8ae671000 	C:\Users\Ahmed\AppData\Local\Programs\Eclipse Adoptium\jdk-17.0.4.101-hotspot\bin\msvcp140.dll
0x00007ff8711e0000 - 0x00007ff871e26000 	C:\Users\Ahmed\AppData\Local\Programs\Eclipse Adoptium\jdk-17.0.4.101-hotspot\bin\server\jvm.dll
0x00007ff8cac60000 - 0x00007ff8cad0e000 	C:\WINDOWS\System32\ADVAPI32.dll
0x00007ff8ca140000 - 0x00007ff8ca1dc000 	C:\WINDOWS\System32\sechost.dll
0x00007ff8c9f40000 - 0x00007ff8ca065000 	C:\WINDOWS\System32\RPCRT4.dll
0x00007ff8c9b00000 - 0x00007ff8c9b08000 	C:\WINDOWS\System32\PSAPI.DLL
0x00007ff8ab2d0000 - 0x00007ff8ab2f7000 	C:\WINDOWS\SYSTEM32\WINMM.dll
0x00007ff8bcb20000 - 0x00007ff8bcb2a000 	C:\WINDOWS\SYSTEM32\VERSION.dll
0x00007ff8bd790000 - 0x00007ff8bd799000 	C:\WINDOWS\SYSTEM32\WSOCK32.dll
0x00007ff8ca1e0000 - 0x00007ff8ca24b000 	C:\WINDOWS\System32\WS2_32.dll
0x00007ff8c6f70000 - 0x00007ff8c6f82000 	C:\WINDOWS\SYSTEM32\kernel.appcore.dll
0x00007ff8bd730000 - 0x00007ff8bd73a000 	C:\Users\Ahmed\AppData\Local\Programs\Eclipse Adoptium\jdk-17.0.4.101-hotspot\bin\jimage.dll
0x00007ff8c6320000 - 0x00007ff8c6504000 	C:\WINDOWS\SYSTEM32\DBGHELP.DLL
0x00007ff8b87c0000 - 0x00007ff8b87f5000 	C:\WINDOWS\SYSTEM32\dbgcore.DLL
0x00007ff8c8dd0000 - 0x00007ff8c8e52000 	C:\WINDOWS\System32\bcryptPrimitives.dll
0x00007ff8bcdd0000 - 0x00007ff8bcdf5000 	C:\Users\Ahmed\AppData\Local\Programs\Eclipse Adoptium\jdk-17.0.4.101-hotspot\bin\java.dll
0x00007ff89c540000 - 0x00007ff89c616000 	C:\Users\Ahmed\AppData\Local\Programs\Eclipse Adoptium\jdk-17.0.4.101-hotspot\bin\jsvml.dll
0x00007ff8ca250000 - 0x00007ff8ca994000 	C:\WINDOWS\System32\SHELL32.dll
0x00007ff8c67c0000 - 0x00007ff8c6f52000 	C:\WINDOWS\SYSTEM32\windows.storage.dll
0x00007ff8c9540000 - 0x00007ff8c9895000 	C:\WINDOWS\System32\combase.dll
0x00007ff8c8180000 - 0x00007ff8c81b0000 	C:\WINDOWS\SYSTEM32\Wldp.dll
0x00007ff8ca9a0000 - 0x00007ff8caa4d000 	C:\WINDOWS\System32\SHCORE.dll
0x00007ff8c9070000 - 0x00007ff8c90c5000 	C:\WINDOWS\System32\shlwapi.dll
0x00007ff8c8660000 - 0x00007ff8c867f000 	C:\WINDOWS\SYSTEM32\profapi.dll
0x00007ff8bcdb0000 - 0x00007ff8bcdc9000 	C:\Users\Ahmed\AppData\Local\Programs\Eclipse Adoptium\jdk-17.0.4.101-hotspot\bin\net.dll
0x00007ff8c3410000 - 0x00007ff8c351c000 	C:\WINDOWS\SYSTEM32\WINHTTP.dll
0x00007ff8c7ee0000 - 0x00007ff8c7f4a000 	C:\WINDOWS\system32\mswsock.dll
0x00007ff8b7b60000 - 0x00007ff8b7b75000 	C:\Users\Ahmed\AppData\Local\Programs\Eclipse Adoptium\jdk-17.0.4.101-hotspot\bin\nio.dll
0x00007ff8b7b40000 - 0x00007ff8b7b58000 	C:\Users\Ahmed\AppData\Local\Programs\Eclipse Adoptium\jdk-17.0.4.101-hotspot\bin\zip.dll

dbghelp: loaded successfully - version: 4.0.5 - missing functions: none
symbol engine: initialized successfully - sym options: 0x614 - pdb path: .;C:\Users\Ahmed\AppData\Local\Programs\Eclipse Adoptium\jdk-17.0.4.101-hotspot\bin;C:\WINDOWS\SYSTEM32;C:\WINDOWS\WinSxS\amd64_microsoft.windows.common-controls_6595b64144ccf1df_6.0.19041.1110_none_60b5254171f9507e;C:\Users\Ahmed\AppData\Local\Programs\Eclipse Adoptium\jdk-17.0.4.101-hotspot\bin\server

VM Arguments:
jvm_args: -Dfile.encoding=UTF-8 --module-path=D:\L2\pro\the_project\build\classes 
java_command: customers.test
java_class_path (initial): C:\Program Files\NetBeans-15\netbeans\java\modules\mysql-connector-java-8.0.30.jar;D:\L2\pro\the_project\build\classes
Launcher Type: SUN_STANDARD

[Global flags]
     intx CICompilerCount                          = 4                                         {product} {ergonomic}
     uint ConcGCThreads                            = 3                                         {product} {ergonomic}
     uint G1ConcRefinementThreads                  = 10                                        {product} {ergonomic}
   size_t G1HeapRegionSize                         = 1048576                                   {product} {ergonomic}
    uintx GCDrainStackTargetSize                   = 64                                        {product} {ergonomic}
   size_t InitialHeapSize                          = 132120576                                 {product} {ergonomic}
   size_t MarkStackSize                            = 4194304                                   {product} {ergonomic}
   size_t MaxHeapSize                              = 2088763392                                {product} {ergonomic}
   size_t MaxNewSize                               = 1253048320                                {product} {ergonomic}
   size_t MinHeapDeltaBytes                        = 1048576                                   {product} {ergonomic}
   size_t MinHeapSize                              = 8388608                                   {product} {ergonomic}
    uintx NonNMethodCodeHeapSize                   = 5839372                                {pd product} {ergonomic}
    uintx NonProfiledCodeHeapSize                  = 122909434                              {pd product} {ergonomic}
    uintx ProfiledCodeHeapSize                     = 122909434                              {pd product} {ergonomic}
    uintx ReservedCodeCacheSize                    = 251658240                              {pd product} {ergonomic}
     bool SegmentedCodeCache                       = true                                      {product} {ergonomic}
   size_t SoftMaxHeapSize                          = 2088763392                             {manageable} {ergonomic}
     bool UseCompressedClassPointers               = true                           {product lp64_product} {ergonomic}
     bool UseCompressedOops                        = true                           {product lp64_product} {ergonomic}
     bool UseG1GC                                  = true                                      {product} {ergonomic}
     bool UseLargePagesIndividualAllocation        = false                                  {pd product} {ergonomic}

Logging:
Log output configuration:
 #0: stdout all=warning uptime,level,tags
 #1: stderr all=off uptime,level,tags

Environment Variables:
JAVA_HOME=C:\Users\Ahmed\AppData\Local\Programs\Eclipse Adoptium\jdk-17.0.4.101-hotspot\
PATH=C:\WINDOWS\system32;C:\WINDOWS;C:\WINDOWS\System32\Wbem;C:\WINDOWS\System32\WindowsPowerShell\v1.0\;C:\WINDOWS\System32\OpenSSH\;C:\MinGW\bin;C:\Program Files\Microsoft SQL Server\Client SDK\ODBC\170\Tools\Binn\;C:\Program Files (x86)\Microsoft SQL Server\150\Tools\Binn\;C:\Program Files\Microsoft SQL Server\150\Tools\Binn\;C:\Program Files\Microsoft SQL Server\150\DTS\Binn\;C:\Program Files (x86)\Microsoft SQL Server\150\DTS\Binn\;C:\Program Files\Azure Data Studio\bin;C:\Users\Ahmed\Downloads\MAXINE-AR-SDK-0.8.1.0\samples\external\opencv\bin;C:\Users\Ahmed\AppData\Local\Programs\Eclipse Adoptium\jdk-17.0.4.101-hotspot\bin;C:\Users\Ahmed\AppData\Local\Programs\Python\Python310\Scripts\;C:\Users\Ahmed\AppData\Local\Programs\Python\Python310\;C:\Users\Ahmed\AppData\Local\Microsoft\WindowsApps;;C:\Users\Ahmed\AppData\Local\Programs\Microsoft VS Code\bin;C:\Program Files\Azure Data Studio\bin
USERNAME=Ahmed
OS=Windows_NT
PROCESSOR_IDENTIFIER=Intel64 Family 6 Model 165 Stepping 2, GenuineIntel
TMP=C:\Users\Ahmed\AppData\Local\Temp
TEMP=C:\Users\Ahmed\AppData\Local\Temp



---------------  S Y S T E M  ---------------

OS:
 Windows 10 , 64 bit Build 19041 (10.0.19041.2364)
OS uptime: 0 days 5:06 hours

CPU: total 12 (initial active 12) (6 cores per cpu, 2 threads per core) family 6 model 165 stepping 2 microcode 0xf0, cx8, cmov, fxsr, ht, mmx, 3dnowpref, sse, sse2, sse3, ssse3, sse4.1, sse4.2, popcnt, lzcnt, tsc, tscinvbit, avx, avx2, aes, erms, clmul, bmi1, bmi2, adx, fma, vzeroupper, clflush, clflushopt

Memory: 4k page, system-wide physical 7967M (380M free)
TotalPageFile size 28174M (AvailPageFile size 2M)
current process WorkingSet (physical memory assigned to process): 32M, peak: 32M
current process commit charge ("private bytes"): 208M, peak: 208M

vm_info: OpenJDK 64-Bit Server VM (17.0.4.1+1) for windows-amd64 JRE (17.0.4.1+1), built on Aug 17 2022 07:42:43 by "temurin" with MS VC++ 16.7 (VS2019)

END.
